{"/Users/qchen/Documents/Course/HackReactor/Course/atelier/client/src/components/Sub_ProductDetail/StyleSelector.jsx": {"path":"/Users/qchen/Documents/Course/HackReactor/Course/atelier/client/src/components/Sub_ProductDetail/StyleSelector.jsx","statementMap":{"0":{"start":{"line":7,"column":47},"end":{"line":7,"column":59}},"1":{"start":{"line":8,"column":2},"end":{"line":36,"column":4}}},"fnMap":{"0":{"name":"StyleSelector","decl":{"start":{"line":4,"column":9},"end":{"line":4,"column":22}},"loc":{"start":{"line":6,"column":3},"end":{"line":37,"column":1}},"line":6}},"branchMap":{"0":{"loc":{"start":{"line":11,"column":9},"end":{"line":22,"column":11}},"type":"cond-expr","locations":[{"start":{"line":13,"column":12},"end":{"line":16,"column":16}},{"start":{"line":19,"column":12},"end":{"line":21,"column":16}}],"line":11},"1":{"loc":{"start":{"line":26,"column":47},"end":{"line":26,"column":84}},"type":"cond-expr","locations":[{"start":{"line":26,"column":61},"end":{"line":26,"column":65}},{"start":{"line":26,"column":68},"end":{"line":26,"column":84}}],"line":26}},"s":{"0":1,"1":1},"f":{"0":1},"b":{"0":[0,1],"1":[0,1]},"_coverageSchema":"1a1c01bbd47fc00a2c39e90264f33305004495a9","hash":"cfce3067dce95eb451e469c5544f116c2db56584"}
,"/Users/qchen/Documents/Course/HackReactor/Course/atelier/client/src/components/Sub_ProductDetail/Sub_StyleSelector/StyleEntry.jsx": {"path":"/Users/qchen/Documents/Course/HackReactor/Course/atelier/client/src/components/Sub_ProductDetail/Sub_StyleSelector/StyleEntry.jsx","statementMap":{"0":{"start":{"line":6,"column":28},"end":{"line":6,"column":43}},"1":{"start":{"line":7,"column":2},"end":{"line":21,"column":4}},"2":{"start":{"line":15,"column":23},"end":{"line":15,"column":46}},"3":{"start":{"line":15,"column":47},"end":{"line":15,"column":68}}},"fnMap":{"0":{"name":"StyleEntry","decl":{"start":{"line":4,"column":9},"end":{"line":4,"column":19}},"loc":{"start":{"line":4,"column":91},"end":{"line":22,"column":1}},"line":4},"1":{"name":"(anonymous_1)","decl":{"start":{"line":15,"column":15},"end":{"line":15,"column":16}},"loc":{"start":{"line":15,"column":21},"end":{"line":15,"column":70}},"line":15}},"branchMap":{"0":{"loc":{"start":{"line":11,"column":32},"end":{"line":13,"column":43}},"type":"cond-expr","locations":[{"start":{"line":12,"column":12},"end":{"line":12,"column":66}},{"start":{"line":13,"column":12},"end":{"line":13,"column":43}}],"line":11},"1":{"loc":{"start":{"line":17,"column":7},"end":{"line":19,"column":14}},"type":"cond-expr","locations":[{"start":{"line":18,"column":10},"end":{"line":18,"column":53}},{"start":{"line":19,"column":10},"end":{"line":19,"column":14}}],"line":17},"2":{"loc":{"start":{"line":17,"column":7},"end":{"line":17,"column":62}},"type":"binary-expr","locations":[{"start":{"line":17,"column":7},"end":{"line":17,"column":18}},{"start":{"line":17,"column":22},"end":{"line":17,"column":62}}],"line":17}},"s":{"0":2,"1":2,"2":0,"3":0},"f":{"0":2,"1":0},"b":{"0":[2,0],"1":[0,2],"2":[2,0]},"_coverageSchema":"1a1c01bbd47fc00a2c39e90264f33305004495a9","hash":"9a6ead0b97e4535c0fe403593c6db488a7c9b3c1"}
,"/Users/qchen/Documents/Course/HackReactor/Course/atelier/client/src/components/Sub_ProductDetail/Sub_StyleSelector/StyleList.jsx": {"path":"/Users/qchen/Documents/Course/HackReactor/Course/atelier/client/src/components/Sub_ProductDetail/Sub_StyleSelector/StyleList.jsx","statementMap":{"0":{"start":{"line":5,"column":2},"end":{"line":18,"column":4}},"1":{"start":{"line":8,"column":8},"end":{"line":15,"column":10}}},"fnMap":{"0":{"name":"StyleList","decl":{"start":{"line":4,"column":9},"end":{"line":4,"column":18}},"loc":{"start":{"line":4,"column":97},"end":{"line":19,"column":1}},"line":4},"1":{"name":"(anonymous_1)","decl":{"start":{"line":7,"column":32},"end":{"line":7,"column":33}},"loc":{"start":{"line":8,"column":8},"end":{"line":15,"column":10}},"line":8}},"branchMap":{},"s":{"0":1,"1":2},"f":{"0":1,"1":2},"b":{},"_coverageSchema":"1a1c01bbd47fc00a2c39e90264f33305004495a9","hash":"c40e584f9589a7845940dca2a658673f548a570c"}
}
