{"/Users/qchen/Documents/Course/HackReactor/Course/atelier/client/src/components/Sub_ProductDetail/AddToCart.jsx": {"path":"/Users/qchen/Documents/Course/HackReactor/Course/atelier/client/src/components/Sub_ProductDetail/AddToCart.jsx","statementMap":{"0":{"start":{"line":9,"column":28},"end":{"line":9,"column":38}},"1":{"start":{"line":10,"column":34},"end":{"line":10,"column":45}},"2":{"start":{"line":11,"column":36},"end":{"line":11,"column":51}},"3":{"start":{"line":12,"column":48},"end":{"line":12,"column":61}},"4":{"start":{"line":13,"column":20},"end":{"line":13,"column":81}},"5":{"start":{"line":13,"column":59},"end":{"line":13,"column":80}},"6":{"start":{"line":15,"column":21},"end":{"line":15,"column":73}},"7":{"start":{"line":15,"column":30},"end":{"line":15,"column":55}},"8":{"start":{"line":15,"column":56},"end":{"line":15,"column":71}},"9":{"start":{"line":17,"column":25},"end":{"line":17,"column":59}},"10":{"start":{"line":17,"column":32},"end":{"line":17,"column":59}},"11":{"start":{"line":19,"column":21},"end":{"line":27,"column":3}},"12":{"start":{"line":20,"column":19},"end":{"line":23,"column":5}},"13":{"start":{"line":24,"column":4},"end":{"line":26,"column":40}},"14":{"start":{"line":26,"column":22},"end":{"line":26,"column":38}},"15":{"start":{"line":29,"column":22},"end":{"line":35,"column":3}},"16":{"start":{"line":30,"column":4},"end":{"line":34,"column":5}},"17":{"start":{"line":31,"column":6},"end":{"line":31,"column":25}},"18":{"start":{"line":33,"column":6},"end":{"line":33,"column":19}},"19":{"start":{"line":37,"column":2},"end":{"line":42,"column":14}},"20":{"start":{"line":38,"column":4},"end":{"line":40,"column":5}},"21":{"start":{"line":39,"column":6},"end":{"line":39,"column":88}},"22":{"start":{"line":39,"column":80},"end":{"line":39,"column":85}},"23":{"start":{"line":41,"column":4},"end":{"line":41,"column":24}},"24":{"start":{"line":44,"column":2},"end":{"line":47,"column":21}},"25":{"start":{"line":45,"column":4},"end":{"line":45,"column":24}},"26":{"start":{"line":46,"column":4},"end":{"line":46,"column":24}},"27":{"start":{"line":49,"column":2},"end":{"line":84,"column":4}}},"fnMap":{"0":{"name":"AddToCart","decl":{"start":{"line":8,"column":9},"end":{"line":8,"column":18}},"loc":{"start":{"line":8,"column":65},"end":{"line":85,"column":1}},"line":8},"1":{"name":"(anonymous_1)","decl":{"start":{"line":13,"column":48},"end":{"line":13,"column":49}},"loc":{"start":{"line":13,"column":59},"end":{"line":13,"column":80}},"line":13},"2":{"name":"(anonymous_2)","decl":{"start":{"line":15,"column":21},"end":{"line":15,"column":22}},"loc":{"start":{"line":15,"column":28},"end":{"line":15,"column":73}},"line":15},"3":{"name":"(anonymous_3)","decl":{"start":{"line":17,"column":25},"end":{"line":17,"column":26}},"loc":{"start":{"line":17,"column":32},"end":{"line":17,"column":59}},"line":17},"4":{"name":"(anonymous_4)","decl":{"start":{"line":19,"column":21},"end":{"line":19,"column":22}},"loc":{"start":{"line":19,"column":27},"end":{"line":27,"column":3}},"line":19},"5":{"name":"(anonymous_5)","decl":{"start":{"line":26,"column":13},"end":{"line":26,"column":14}},"loc":{"start":{"line":26,"column":22},"end":{"line":26,"column":38}},"line":26},"6":{"name":"(anonymous_6)","decl":{"start":{"line":29,"column":22},"end":{"line":29,"column":23}},"loc":{"start":{"line":29,"column":28},"end":{"line":35,"column":3}},"line":29},"7":{"name":"(anonymous_7)","decl":{"start":{"line":37,"column":12},"end":{"line":37,"column":13}},"loc":{"start":{"line":37,"column":18},"end":{"line":42,"column":3}},"line":37},"8":{"name":"(anonymous_8)","decl":{"start":{"line":39,"column":70},"end":{"line":39,"column":71}},"loc":{"start":{"line":39,"column":80},"end":{"line":39,"column":85}},"line":39},"9":{"name":"(anonymous_9)","decl":{"start":{"line":44,"column":12},"end":{"line":44,"column":13}},"loc":{"start":{"line":44,"column":18},"end":{"line":47,"column":3}},"line":44}},"branchMap":{"0":{"loc":{"start":{"line":30,"column":4},"end":{"line":34,"column":5}},"type":"if","locations":[{"start":{"line":30,"column":4},"end":{"line":34,"column":5}},{"start":{"line":32,"column":11},"end":{"line":34,"column":5}}],"line":30},"1":{"loc":{"start":{"line":38,"column":4},"end":{"line":40,"column":5}},"type":"if","locations":[{"start":{"line":38,"column":4},"end":{"line":40,"column":5}},{"start":{},"end":{}}],"line":38},"2":{"loc":{"start":{"line":53,"column":29},"end":{"line":53,"column":61}},"type":"cond-expr","locations":[{"start":{"line":53,"column":41},"end":{"line":53,"column":50}},{"start":{"line":53,"column":53},"end":{"line":53,"column":61}}],"line":53},"3":{"loc":{"start":{"line":74,"column":31},"end":{"line":74,"column":70}},"type":"cond-expr","locations":[{"start":{"line":74,"column":50},"end":{"line":74,"column":59}},{"start":{"line":74,"column":62},"end":{"line":74,"column":70}}],"line":74}},"s":{"0":10,"1":10,"2":10,"3":10,"4":10,"5":110,"6":10,"7":0,"8":0,"9":10,"10":0,"11":10,"12":0,"13":0,"14":0,"15":10,"16":1,"17":1,"18":0,"19":10,"20":8,"21":0,"22":0,"23":8,"24":10,"25":8,"26":8,"27":10},"f":{"0":10,"1":110,"2":0,"3":0,"4":0,"5":0,"6":1,"7":8,"8":0,"9":8},"b":{"0":[1,0],"1":[0,8],"2":[2,8],"3":[10,0]},"_coverageSchema":"1a1c01bbd47fc00a2c39e90264f33305004495a9","hash":"e9bc500ddf7249b7ca8dfc57d1daa276446aa857"}
,"/Users/qchen/Documents/Course/HackReactor/Course/atelier/client/src/components/Sub_ProductDetail/ImageGallery.jsx": {"path":"/Users/qchen/Documents/Course/HackReactor/Course/atelier/client/src/components/Sub_ProductDetail/ImageGallery.jsx","statementMap":{"0":{"start":{"line":6,"column":52},"end":{"line":6,"column":63}},"1":{"start":{"line":7,"column":36},"end":{"line":7,"column":48}},"2":{"start":{"line":11,"column":36},"end":{"line":11,"column":55}},"3":{"start":{"line":13,"column":23},"end":{"line":13,"column":35}},"4":{"start":{"line":15,"column":2},"end":{"line":18,"column":18}},"5":{"start":{"line":16,"column":4},"end":{"line":16,"column":28}},"6":{"start":{"line":17,"column":4},"end":{"line":17,"column":21}},"7":{"start":{"line":20,"column":2},"end":{"line":22,"column":26}},"8":{"start":{"line":21,"column":4},"end":{"line":21,"column":66}},"9":{"start":{"line":24,"column":2},"end":{"line":30,"column":21}},"10":{"start":{"line":25,"column":4},"end":{"line":29,"column":5}},"11":{"start":{"line":26,"column":6},"end":{"line":26,"column":48}},"12":{"start":{"line":28,"column":6},"end":{"line":28,"column":30}},"13":{"start":{"line":32,"column":2},"end":{"line":35,"column":18}},"14":{"start":{"line":33,"column":4},"end":{"line":34,"column":49}},"15":{"start":{"line":33,"column":33},"end":{"line":33,"column":73}},"16":{"start":{"line":34,"column":9},"end":{"line":34,"column":49}},"17":{"start":{"line":37,"column":2},"end":{"line":74,"column":4}}},"fnMap":{"0":{"name":"ImageGallery","decl":{"start":{"line":4,"column":9},"end":{"line":4,"column":21}},"loc":{"start":{"line":4,"column":51},"end":{"line":75,"column":1}},"line":4},"1":{"name":"(anonymous_1)","decl":{"start":{"line":15,"column":12},"end":{"line":15,"column":13}},"loc":{"start":{"line":15,"column":18},"end":{"line":18,"column":3}},"line":15},"2":{"name":"(anonymous_2)","decl":{"start":{"line":20,"column":12},"end":{"line":20,"column":13}},"loc":{"start":{"line":20,"column":18},"end":{"line":22,"column":3}},"line":20},"3":{"name":"(anonymous_3)","decl":{"start":{"line":24,"column":12},"end":{"line":24,"column":13}},"loc":{"start":{"line":24,"column":18},"end":{"line":30,"column":3}},"line":24},"4":{"name":"(anonymous_4)","decl":{"start":{"line":32,"column":12},"end":{"line":32,"column":13}},"loc":{"start":{"line":32,"column":18},"end":{"line":35,"column":3}},"line":32}},"branchMap":{"0":{"loc":{"start":{"line":25,"column":4},"end":{"line":29,"column":5}},"type":"if","locations":[{"start":{"line":25,"column":4},"end":{"line":29,"column":5}},{"start":{"line":27,"column":11},"end":{"line":29,"column":5}}],"line":25},"1":{"loc":{"start":{"line":33,"column":4},"end":{"line":34,"column":49}},"type":"if","locations":[{"start":{"line":33,"column":4},"end":{"line":34,"column":49}},{"start":{"line":34,"column":9},"end":{"line":34,"column":49}}],"line":33},"2":{"loc":{"start":{"line":40,"column":7},"end":{"line":50,"column":5}},"type":"binary-expr","locations":[{"start":{"line":40,"column":7},"end":{"line":40,"column":29}},{"start":{"line":42,"column":4},"end":{"line":49,"column":6}}],"line":40},"3":{"loc":{"start":{"line":52,"column":7},"end":{"line":62,"column":5}},"type":"binary-expr","locations":[{"start":{"line":52,"column":7},"end":{"line":52,"column":27}},{"start":{"line":54,"column":4},"end":{"line":61,"column":6}}],"line":52}},"s":{"0":25,"1":25,"2":25,"3":25,"4":25,"5":8,"6":8,"7":25,"8":10,"9":25,"10":8,"11":0,"12":8,"13":25,"14":13,"15":4,"16":9,"17":25},"f":{"0":25,"1":8,"2":10,"3":8,"4":13},"b":{"0":[0,8],"1":[4,9],"2":[25,3],"3":[25,1]},"_coverageSchema":"1a1c01bbd47fc00a2c39e90264f33305004495a9","hash":"9a6dfe56f7c68d24ac223ee7b832ce10ad77248c"}
,"/Users/qchen/Documents/Course/HackReactor/Course/atelier/client/src/components/Sub_ProductDetail/ProductDesciption.jsx": {"path":"/Users/qchen/Documents/Course/HackReactor/Course/atelier/client/src/components/Sub_ProductDetail/ProductDesciption.jsx","statementMap":{"0":{"start":{"line":4,"column":2},"end":{"line":17,"column":4}}},"fnMap":{"0":{"name":"ProductDesciption","decl":{"start":{"line":3,"column":9},"end":{"line":3,"column":26}},"loc":{"start":{"line":3,"column":40},"end":{"line":18,"column":1}},"line":3}},"branchMap":{},"s":{"0":2},"f":{"0":2},"b":{},"_coverageSchema":"1a1c01bbd47fc00a2c39e90264f33305004495a9","hash":"5dad9ad99a9c7aacaa41933bf4f37ba7f54048f8"}
,"/Users/qchen/Documents/Course/HackReactor/Course/atelier/client/src/components/Sub_ProductDetail/ProductFeature.jsx": {"path":"/Users/qchen/Documents/Course/HackReactor/Course/atelier/client/src/components/Sub_ProductDetail/ProductFeature.jsx","statementMap":{"0":{"start":{"line":5,"column":2},"end":{"line":15,"column":4}},"1":{"start":{"line":9,"column":10},"end":{"line":11,"column":16}}},"fnMap":{"0":{"name":"ProductFeature","decl":{"start":{"line":4,"column":9},"end":{"line":4,"column":23}},"loc":{"start":{"line":4,"column":37},"end":{"line":16,"column":1}},"line":4},"1":{"name":"(anonymous_1)","decl":{"start":{"line":8,"column":8},"end":{"line":8,"column":9}},"loc":{"start":{"line":9,"column":10},"end":{"line":11,"column":16}},"line":9}},"branchMap":{},"s":{"0":1,"1":3},"f":{"0":1,"1":3},"b":{},"_coverageSchema":"1a1c01bbd47fc00a2c39e90264f33305004495a9","hash":"5f5f6cc6ccd6a6ea7b082daa2b36ea48eda8ab09"}
,"/Users/qchen/Documents/Course/HackReactor/Course/atelier/client/src/components/Sub_ProductDetail/ProductInfo.jsx": {"path":"/Users/qchen/Documents/Course/HackReactor/Course/atelier/client/src/components/Sub_ProductDetail/ProductInfo.jsx","statementMap":{"0":{"start":{"line":6,"column":22},"end":{"line":6,"column":36}},"1":{"start":{"line":7,"column":21},"end":{"line":8,"column":50}},"2":{"start":{"line":8,"column":14},"end":{"line":8,"column":45}},"3":{"start":{"line":9,"column":21},"end":{"line":10,"column":35}},"4":{"start":{"line":10,"column":14},"end":{"line":10,"column":30}},"5":{"start":{"line":11,"column":24},"end":{"line":11,"column":47}},"6":{"start":{"line":13,"column":22},"end":{"line":15,"column":3}},"7":{"start":{"line":14,"column":4},"end":{"line":14,"column":61}},"8":{"start":{"line":17,"column":2},"end":{"line":29,"column":4}}},"fnMap":{"0":{"name":"ProductInfo","decl":{"start":{"line":5,"column":9},"end":{"line":5,"column":20}},"loc":{"start":{"line":5,"column":61},"end":{"line":30,"column":1}},"line":5},"1":{"name":"(anonymous_1)","decl":{"start":{"line":8,"column":4},"end":{"line":8,"column":5}},"loc":{"start":{"line":8,"column":14},"end":{"line":8,"column":45}},"line":8},"2":{"name":"(anonymous_2)","decl":{"start":{"line":10,"column":4},"end":{"line":10,"column":5}},"loc":{"start":{"line":10,"column":14},"end":{"line":10,"column":30}},"line":10},"3":{"name":"(anonymous_3)","decl":{"start":{"line":13,"column":22},"end":{"line":13,"column":23}},"loc":{"start":{"line":13,"column":28},"end":{"line":15,"column":3}},"line":13}},"branchMap":{"0":{"loc":{"start":{"line":21,"column":11},"end":{"line":22,"column":50}},"type":"binary-expr","locations":[{"start":{"line":21,"column":11},"end":{"line":21,"column":33}},{"start":{"line":22,"column":15},"end":{"line":22,"column":50}}],"line":21}},"s":{"0":4,"1":4,"2":20,"3":4,"4":20,"5":4,"6":4,"7":0,"8":4},"f":{"0":4,"1":20,"2":20,"3":0},"b":{"0":[4,4]},"_coverageSchema":"1a1c01bbd47fc00a2c39e90264f33305004495a9","hash":"48f3ec84aa9d8bab202bfd26c3e58f61bfff2778"}
,"/Users/qchen/Documents/Course/HackReactor/Course/atelier/client/src/components/Sub_ProductDetail/StyleSelector.jsx": {"path":"/Users/qchen/Documents/Course/HackReactor/Course/atelier/client/src/components/Sub_ProductDetail/StyleSelector.jsx","statementMap":{"0":{"start":{"line":7,"column":47},"end":{"line":7,"column":59}},"1":{"start":{"line":8,"column":2},"end":{"line":36,"column":4}}},"fnMap":{"0":{"name":"StyleSelector","decl":{"start":{"line":4,"column":9},"end":{"line":4,"column":22}},"loc":{"start":{"line":6,"column":3},"end":{"line":37,"column":1}},"line":6}},"branchMap":{"0":{"loc":{"start":{"line":11,"column":9},"end":{"line":22,"column":11}},"type":"cond-expr","locations":[{"start":{"line":13,"column":12},"end":{"line":16,"column":16}},{"start":{"line":19,"column":12},"end":{"line":21,"column":16}}],"line":11},"1":{"loc":{"start":{"line":26,"column":47},"end":{"line":26,"column":84}},"type":"cond-expr","locations":[{"start":{"line":26,"column":61},"end":{"line":26,"column":65}},{"start":{"line":26,"column":68},"end":{"line":26,"column":84}}],"line":26}},"s":{"0":3,"1":3},"f":{"0":3},"b":{"0":[0,3],"1":[0,3]},"_coverageSchema":"1a1c01bbd47fc00a2c39e90264f33305004495a9","hash":"cfce3067dce95eb451e469c5544f116c2db56584"}
,"/Users/qchen/Documents/Course/HackReactor/Course/atelier/client/src/components/Sub_ProductDetail/Sub_AddToCart/QuantitySelector.jsx": {"path":"/Users/qchen/Documents/Course/HackReactor/Course/atelier/client/src/components/Sub_ProductDetail/Sub_AddToCart/QuantitySelector.jsx","statementMap":{"0":{"start":{"line":4,"column":2},"end":{"line":12,"column":4}},"1":{"start":{"line":8,"column":42},"end":{"line":8,"column":89}}},"fnMap":{"0":{"name":"QuantitySelector","decl":{"start":{"line":3,"column":9},"end":{"line":3,"column":25}},"loc":{"start":{"line":3,"column":80},"end":{"line":13,"column":1}},"line":3},"1":{"name":"(anonymous_1)","decl":{"start":{"line":8,"column":32},"end":{"line":8,"column":33}},"loc":{"start":{"line":8,"column":42},"end":{"line":8,"column":89}},"line":8}},"branchMap":{"0":{"loc":{"start":{"line":7,"column":9},"end":{"line":9,"column":30}},"type":"cond-expr","locations":[{"start":{"line":8,"column":12},"end":{"line":8,"column":90}},{"start":{"line":9,"column":12},"end":{"line":9,"column":30}}],"line":7}},"s":{"0":9,"1":0},"f":{"0":9,"1":0},"b":{"0":[0,9]},"_coverageSchema":"1a1c01bbd47fc00a2c39e90264f33305004495a9","hash":"fdc71f7ae5aa229f9336c9bba1328c954e3e4b94"}
,"/Users/qchen/Documents/Course/HackReactor/Course/atelier/client/src/components/Sub_ProductDetail/Sub_AddToCart/SizeSelector.jsx": {"path":"/Users/qchen/Documents/Course/HackReactor/Course/atelier/client/src/components/Sub_ProductDetail/Sub_AddToCart/SizeSelector.jsx","statementMap":{"0":{"start":{"line":4,"column":36},"end":{"line":4,"column":51}},"1":{"start":{"line":6,"column":22},"end":{"line":10,"column":3}},"2":{"start":{"line":7,"column":4},"end":{"line":9,"column":5}},"3":{"start":{"line":8,"column":6},"end":{"line":8,"column":25}},"4":{"start":{"line":12,"column":2},"end":{"line":12,"column":59}},"5":{"start":{"line":12,"column":20},"end":{"line":12,"column":40}},"6":{"start":{"line":14,"column":2},"end":{"line":33,"column":4}},"7":{"start":{"line":29,"column":21},"end":{"line":29,"column":85}}},"fnMap":{"0":{"name":"SizeSelector","decl":{"start":{"line":3,"column":9},"end":{"line":3,"column":21}},"loc":{"start":{"line":3,"column":69},"end":{"line":34,"column":1}},"line":3},"1":{"name":"(anonymous_1)","decl":{"start":{"line":6,"column":22},"end":{"line":6,"column":23}},"loc":{"start":{"line":6,"column":28},"end":{"line":10,"column":3}},"line":6},"2":{"name":"(anonymous_2)","decl":{"start":{"line":12,"column":12},"end":{"line":12,"column":13}},"loc":{"start":{"line":12,"column":18},"end":{"line":12,"column":42}},"line":12},"3":{"name":"(anonymous_3)","decl":{"start":{"line":29,"column":10},"end":{"line":29,"column":11}},"loc":{"start":{"line":29,"column":21},"end":{"line":29,"column":85}},"line":29}},"branchMap":{"0":{"loc":{"start":{"line":7,"column":4},"end":{"line":9,"column":5}},"type":"if","locations":[{"start":{"line":7,"column":4},"end":{"line":9,"column":5}},{"start":{},"end":{}}],"line":7},"1":{"loc":{"start":{"line":16,"column":7},"end":{"line":16,"column":52}},"type":"binary-expr","locations":[{"start":{"line":16,"column":7},"end":{"line":16,"column":16}},{"start":{"line":16,"column":20},"end":{"line":16,"column":52}}],"line":16},"2":{"loc":{"start":{"line":20,"column":15},"end":{"line":20,"column":38}},"type":"cond-expr","locations":[{"start":{"line":20,"column":23},"end":{"line":20,"column":33}},{"start":{"line":20,"column":36},"end":{"line":20,"column":38}}],"line":20},"3":{"loc":{"start":{"line":25,"column":11},"end":{"line":25,"column":76}},"type":"cond-expr","locations":[{"start":{"line":25,"column":46},"end":{"line":25,"column":60}},{"start":{"line":25,"column":63},"end":{"line":25,"column":76}}],"line":25},"4":{"loc":{"start":{"line":25,"column":11},"end":{"line":25,"column":43}},"type":"binary-expr","locations":[{"start":{"line":25,"column":11},"end":{"line":25,"column":22}},{"start":{"line":25,"column":26},"end":{"line":25,"column":43}}],"line":25},"5":{"loc":{"start":{"line":27,"column":9},"end":{"line":30,"column":9}},"type":"binary-expr","locations":[{"start":{"line":27,"column":9},"end":{"line":27,"column":20}},{"start":{"line":28,"column":11},"end":{"line":30,"column":9}}],"line":27}},"s":{"0":10,"1":10,"2":0,"3":0,"4":10,"5":8,"6":10,"7":110},"f":{"0":10,"1":0,"2":8,"3":110},"b":{"0":[0,0],"1":[10,0],"2":[0,10],"3":[0,10],"4":[10,10],"5":[10,10]},"_coverageSchema":"1a1c01bbd47fc00a2c39e90264f33305004495a9","hash":"74c6a8f871d9acc794ea14aa88a3e66e18239746"}
,"/Users/qchen/Documents/Course/HackReactor/Course/atelier/client/src/components/Sub_ProductDetail/Sub_ImageGallery/ImageSlide.jsx": {"path":"/Users/qchen/Documents/Course/HackReactor/Course/atelier/client/src/components/Sub_ProductDetail/Sub_ImageGallery/ImageSlide.jsx","statementMap":{"0":{"start":{"line":9,"column":28},"end":{"line":9,"column":39}},"1":{"start":{"line":10,"column":20},"end":{"line":10,"column":51}},"2":{"start":{"line":12,"column":2},"end":{"line":18,"column":26}},"3":{"start":{"line":13,"column":4},"end":{"line":17,"column":5}},"4":{"start":{"line":14,"column":6},"end":{"line":14,"column":34}},"5":{"start":{"line":15,"column":11},"end":{"line":17,"column":5}},"6":{"start":{"line":16,"column":6},"end":{"line":16,"column":26}},"7":{"start":{"line":20,"column":2},"end":{"line":51,"column":4}},"8":{"start":{"line":26,"column":23},"end":{"line":26,"column":66}},"9":{"start":{"line":32,"column":37},"end":{"line":41,"column":18}},"10":{"start":{"line":47,"column":25},"end":{"line":47,"column":69}}},"fnMap":{"0":{"name":"ImageSlide","decl":{"start":{"line":6,"column":9},"end":{"line":6,"column":19}},"loc":{"start":{"line":8,"column":3},"end":{"line":52,"column":1}},"line":8},"1":{"name":"(anonymous_1)","decl":{"start":{"line":12,"column":12},"end":{"line":12,"column":13}},"loc":{"start":{"line":12,"column":18},"end":{"line":18,"column":3}},"line":12},"2":{"name":"(anonymous_2)","decl":{"start":{"line":26,"column":17},"end":{"line":26,"column":18}},"loc":{"start":{"line":26,"column":23},"end":{"line":26,"column":66}},"line":26},"3":{"name":"(anonymous_3)","decl":{"start":{"line":32,"column":20},"end":{"line":32,"column":21}},"loc":{"start":{"line":32,"column":37},"end":{"line":41,"column":18}},"line":32},"4":{"name":"(anonymous_4)","decl":{"start":{"line":47,"column":17},"end":{"line":47,"column":18}},"loc":{"start":{"line":47,"column":23},"end":{"line":47,"column":71}},"line":47}},"branchMap":{"0":{"loc":{"start":{"line":10,"column":20},"end":{"line":10,"column":51}},"type":"cond-expr","locations":[{"start":{"line":10,"column":46},"end":{"line":10,"column":47}},{"start":{"line":10,"column":50},"end":{"line":10,"column":51}}],"line":10},"1":{"loc":{"start":{"line":13,"column":4},"end":{"line":17,"column":5}},"type":"if","locations":[{"start":{"line":13,"column":4},"end":{"line":17,"column":5}},{"start":{"line":15,"column":11},"end":{"line":17,"column":5}}],"line":13},"2":{"loc":{"start":{"line":15,"column":11},"end":{"line":17,"column":5}},"type":"if","locations":[{"start":{"line":15,"column":11},"end":{"line":17,"column":5}},{"start":{},"end":{}}],"line":15},"3":{"loc":{"start":{"line":25,"column":29},"end":{"line":25,"column":77}},"type":"cond-expr","locations":[{"start":{"line":25,"column":57},"end":{"line":25,"column":66}},{"start":{"line":25,"column":69},"end":{"line":25,"column":77}}],"line":25},"4":{"loc":{"start":{"line":32,"column":37},"end":{"line":41,"column":18}},"type":"cond-expr","locations":[{"start":{"line":34,"column":12},"end":{"line":40,"column":14}},{"start":{"line":41,"column":14},"end":{"line":41,"column":18}}],"line":32},"5":{"loc":{"start":{"line":32,"column":37},"end":{"line":32,"column":80}},"type":"binary-expr","locations":[{"start":{"line":32,"column":37},"end":{"line":32,"column":51}},{"start":{"line":32,"column":55},"end":{"line":32,"column":80}}],"line":32},"6":{"loc":{"start":{"line":46,"column":29},"end":{"line":46,"column":91}},"type":"cond-expr","locations":[{"start":{"line":46,"column":71},"end":{"line":46,"column":80}},{"start":{"line":46,"column":83},"end":{"line":46,"column":91}}],"line":46}},"s":{"0":27,"1":27,"2":27,"3":13,"4":0,"5":13,"6":0,"7":27,"8":0,"9":297,"10":1},"f":{"0":27,"1":13,"2":0,"3":297,"4":1},"b":{"0":[21,6],"1":[0,13],"2":[0,13],"3":[4,23],"4":[108,189],"5":[297,297],"6":[27,0]},"_coverageSchema":"1a1c01bbd47fc00a2c39e90264f33305004495a9","hash":"d7e217526a8f018be306536d85797c2bc44661ca"}
,"/Users/qchen/Documents/Course/HackReactor/Course/atelier/client/src/components/Sub_ProductDetail/Sub_ImageGallery/ImageThumbnail.jsx": {"path":"/Users/qchen/Documents/Course/HackReactor/Course/atelier/client/src/components/Sub_ProductDetail/Sub_ImageGallery/ImageThumbnail.jsx","statementMap":{"0":{"start":{"line":5,"column":28},"end":{"line":5,"column":31}},"1":{"start":{"line":6,"column":21},"end":{"line":6,"column":52}},"2":{"start":{"line":7,"column":2},"end":{"line":23,"column":4}},"3":{"start":{"line":10,"column":23},"end":{"line":10,"column":51}},"4":{"start":{"line":11,"column":25},"end":{"line":11,"column":53}}},"fnMap":{"0":{"name":"ImageThumbnail","decl":{"start":{"line":4,"column":9},"end":{"line":4,"column":23}},"loc":{"start":{"line":4,"column":81},"end":{"line":24,"column":1}},"line":4},"1":{"name":"(anonymous_1)","decl":{"start":{"line":10,"column":15},"end":{"line":10,"column":16}},"loc":{"start":{"line":10,"column":21},"end":{"line":10,"column":53}},"line":10},"2":{"name":"(anonymous_2)","decl":{"start":{"line":11,"column":17},"end":{"line":11,"column":18}},"loc":{"start":{"line":11,"column":23},"end":{"line":11,"column":55}},"line":11}},"branchMap":{"0":{"loc":{"start":{"line":15,"column":15},"end":{"line":15,"column":84}},"type":"cond-expr","locations":[{"start":{"line":15,"column":45},"end":{"line":15,"column":79}},{"start":{"line":15,"column":82},"end":{"line":15,"column":84}}],"line":15},"1":{"loc":{"start":{"line":16,"column":13},"end":{"line":18,"column":22}},"type":"cond-expr","locations":[{"start":{"line":17,"column":12},"end":{"line":17,"column":66}},{"start":{"line":18,"column":12},"end":{"line":18,"column":22}}],"line":16}},"s":{"0":108,"1":108,"2":108,"3":0,"4":0},"f":{"0":108,"1":0,"2":0},"b":{"0":[27,81],"1":[108,0]},"_coverageSchema":"1a1c01bbd47fc00a2c39e90264f33305004495a9","hash":"3106b669d395496b42e301c8d67fb99205c2d048"}
,"/Users/qchen/Documents/Course/HackReactor/Course/atelier/client/src/components/Sub_ProductDetail/Sub_ImageGallery/MainImage.jsx": {"path":"/Users/qchen/Documents/Course/HackReactor/Course/atelier/client/src/components/Sub_ProductDetail/Sub_ImageGallery/MainImage.jsx","statementMap":{"0":{"start":{"line":10,"column":18},"end":{"line":10,"column":43}},"1":{"start":{"line":11,"column":21},"end":{"line":11,"column":52}},"2":{"start":{"line":12,"column":22},"end":{"line":18,"column":3}},"3":{"start":{"line":13,"column":4},"end":{"line":17,"column":5}},"4":{"start":{"line":14,"column":6},"end":{"line":14,"column":29}},"5":{"start":{"line":15,"column":11},"end":{"line":17,"column":5}},"6":{"start":{"line":16,"column":6},"end":{"line":16,"column":27}},"7":{"start":{"line":19,"column":2},"end":{"line":56,"column":4}},"8":{"start":{"line":25,"column":25},"end":{"line":25,"column":68}},"9":{"start":{"line":50,"column":25},"end":{"line":50,"column":68}}},"fnMap":{"0":{"name":"MainImage","decl":{"start":{"line":7,"column":9},"end":{"line":7,"column":18}},"loc":{"start":{"line":9,"column":3},"end":{"line":57,"column":1}},"line":9},"1":{"name":"(anonymous_1)","decl":{"start":{"line":12,"column":22},"end":{"line":12,"column":23}},"loc":{"start":{"line":12,"column":28},"end":{"line":18,"column":3}},"line":12},"2":{"name":"(anonymous_2)","decl":{"start":{"line":25,"column":19},"end":{"line":25,"column":20}},"loc":{"start":{"line":25,"column":25},"end":{"line":25,"column":68}},"line":25},"3":{"name":"(anonymous_3)","decl":{"start":{"line":50,"column":19},"end":{"line":50,"column":20}},"loc":{"start":{"line":50,"column":25},"end":{"line":50,"column":68}},"line":50}},"branchMap":{"0":{"loc":{"start":{"line":13,"column":4},"end":{"line":17,"column":5}},"type":"if","locations":[{"start":{"line":13,"column":4},"end":{"line":17,"column":5}},{"start":{"line":15,"column":11},"end":{"line":17,"column":5}}],"line":13},"1":{"loc":{"start":{"line":15,"column":11},"end":{"line":17,"column":5}},"type":"if","locations":[{"start":{"line":15,"column":11},"end":{"line":17,"column":5}},{"start":{},"end":{}}],"line":15},"2":{"loc":{"start":{"line":21,"column":7},"end":{"line":28,"column":7}},"type":"binary-expr","locations":[{"start":{"line":21,"column":7},"end":{"line":21,"column":27}},{"start":{"line":22,"column":8},"end":{"line":27,"column":10}}],"line":21},"3":{"loc":{"start":{"line":24,"column":31},"end":{"line":24,"column":79}},"type":"cond-expr","locations":[{"start":{"line":24,"column":59},"end":{"line":24,"column":68}},{"start":{"line":24,"column":71},"end":{"line":24,"column":79}}],"line":24},"4":{"loc":{"start":{"line":30,"column":7},"end":{"line":36,"column":7}},"type":"binary-expr","locations":[{"start":{"line":30,"column":7},"end":{"line":30,"column":27}},{"start":{"line":31,"column":8},"end":{"line":35,"column":10}}],"line":30},"5":{"loc":{"start":{"line":33,"column":15},"end":{"line":33,"column":68}},"type":"cond-expr","locations":[{"start":{"line":33,"column":21},"end":{"line":33,"column":55}},{"start":{"line":33,"column":58},"end":{"line":33,"column":68}}],"line":33},"6":{"loc":{"start":{"line":38,"column":7},"end":{"line":44,"column":7}},"type":"binary-expr","locations":[{"start":{"line":38,"column":7},"end":{"line":38,"column":27}},{"start":{"line":39,"column":8},"end":{"line":43,"column":10}}],"line":38},"7":{"loc":{"start":{"line":40,"column":15},"end":{"line":40,"column":68}},"type":"cond-expr","locations":[{"start":{"line":40,"column":21},"end":{"line":40,"column":55}},{"start":{"line":40,"column":58},"end":{"line":40,"column":68}}],"line":40},"8":{"loc":{"start":{"line":46,"column":7},"end":{"line":53,"column":7}},"type":"binary-expr","locations":[{"start":{"line":46,"column":7},"end":{"line":46,"column":27}},{"start":{"line":47,"column":8},"end":{"line":52,"column":10}}],"line":46},"9":{"loc":{"start":{"line":49,"column":31},"end":{"line":49,"column":95}},"type":"cond-expr","locations":[{"start":{"line":49,"column":75},"end":{"line":49,"column":84}},{"start":{"line":49,"column":87},"end":{"line":49,"column":95}}],"line":49}},"s":{"0":29,"1":29,"2":29,"3":4,"4":3,"5":1,"6":1,"7":29,"8":0,"9":1},"f":{"0":29,"1":4,"2":0,"3":1},"b":{"0":[3,1],"1":[1,0],"2":[29,27],"3":[4,23],"4":[29,27],"5":[27,0],"6":[29,2],"7":[2,0],"8":[29,27],"9":[27,0]},"_coverageSchema":"1a1c01bbd47fc00a2c39e90264f33305004495a9","hash":"ee46b905b35f821efbcd67430cf3fc86e68c9b4f"}
,"/Users/qchen/Documents/Course/HackReactor/Course/atelier/client/src/components/Sub_ProductDetail/Sub_ImageGallery/ModalView.jsx": {"path":"/Users/qchen/Documents/Course/HackReactor/Course/atelier/client/src/components/Sub_ProductDetail/Sub_ImageGallery/ModalView.jsx","statementMap":{"0":{"start":{"line":9,"column":22},"end":{"line":15,"column":3}},"1":{"start":{"line":10,"column":4},"end":{"line":14,"column":5}},"2":{"start":{"line":11,"column":6},"end":{"line":11,"column":30}},"3":{"start":{"line":12,"column":11},"end":{"line":14,"column":5}},"4":{"start":{"line":13,"column":6},"end":{"line":13,"column":29}},"5":{"start":{"line":16,"column":2},"end":{"line":37,"column":4}}},"fnMap":{"0":{"name":"ModalView","decl":{"start":{"line":6,"column":9},"end":{"line":6,"column":18}},"loc":{"start":{"line":8,"column":3},"end":{"line":38,"column":1}},"line":8},"1":{"name":"(anonymous_1)","decl":{"start":{"line":9,"column":22},"end":{"line":9,"column":23}},"loc":{"start":{"line":9,"column":28},"end":{"line":15,"column":3}},"line":9}},"branchMap":{"0":{"loc":{"start":{"line":10,"column":4},"end":{"line":14,"column":5}},"type":"if","locations":[{"start":{"line":10,"column":4},"end":{"line":14,"column":5}},{"start":{"line":12,"column":11},"end":{"line":14,"column":5}}],"line":10},"1":{"loc":{"start":{"line":12,"column":11},"end":{"line":14,"column":5}},"type":"if","locations":[{"start":{"line":12,"column":11},"end":{"line":14,"column":5}},{"start":{},"end":{}}],"line":12},"2":{"loc":{"start":{"line":18,"column":7},"end":{"line":25,"column":7}},"type":"binary-expr","locations":[{"start":{"line":18,"column":7},"end":{"line":18,"column":27}},{"start":{"line":19,"column":6},"end":{"line":24,"column":8}}],"line":18},"3":{"loc":{"start":{"line":34,"column":8},"end":{"line":34,"column":128}},"type":"binary-expr","locations":[{"start":{"line":34,"column":8},"end":{"line":34,"column":30}},{"start":{"line":34,"column":34},"end":{"line":34,"column":128}}],"line":34}},"s":{"0":29,"1":1,"2":1,"3":0,"4":0,"5":29},"f":{"0":29,"1":1},"b":{"0":[1,0],"1":[0,0],"2":[29,27],"3":[29,6]},"_coverageSchema":"1a1c01bbd47fc00a2c39e90264f33305004495a9","hash":"c304c7cd03a4996635dbfbdb414b666340f6408c"}
,"/Users/qchen/Documents/Course/HackReactor/Course/atelier/client/src/components/Sub_ProductDetail/Sub_ImageGallery/ZoomImage.jsx": {"path":"/Users/qchen/Documents/Course/HackReactor/Course/atelier/client/src/components/Sub_ProductDetail/Sub_ImageGallery/ZoomImage.jsx","statementMap":{"0":{"start":{"line":7,"column":30},"end":{"line":7,"column":41}},"1":{"start":{"line":8,"column":30},"end":{"line":8,"column":41}},"2":{"start":{"line":9,"column":19},"end":{"line":9,"column":31}},"3":{"start":{"line":11,"column":22},"end":{"line":13,"column":3}},"4":{"start":{"line":12,"column":4},"end":{"line":12,"column":27}},"5":{"start":{"line":15,"column":26},"end":{"line":22,"column":3}},"6":{"start":{"line":16,"column":17},"end":{"line":16,"column":57}},"7":{"start":{"line":18,"column":14},"end":{"line":18,"column":35}},"8":{"start":{"line":19,"column":14},"end":{"line":19,"column":34}},"9":{"start":{"line":20,"column":4},"end":{"line":20,"column":34}},"10":{"start":{"line":21,"column":4},"end":{"line":21,"column":35}},"11":{"start":{"line":24,"column":2},"end":{"line":29,"column":18}},"12":{"start":{"line":25,"column":4},"end":{"line":25,"column":58}},"13":{"start":{"line":26,"column":4},"end":{"line":28,"column":6}},"14":{"start":{"line":27,"column":6},"end":{"line":27,"column":63}},"15":{"start":{"line":31,"column":2},"end":{"line":45,"column":4}}},"fnMap":{"0":{"name":"ZoomImage","decl":{"start":{"line":6,"column":9},"end":{"line":6,"column":18}},"loc":{"start":{"line":6,"column":53},"end":{"line":46,"column":1}},"line":6},"1":{"name":"(anonymous_1)","decl":{"start":{"line":11,"column":22},"end":{"line":11,"column":23}},"loc":{"start":{"line":11,"column":28},"end":{"line":13,"column":3}},"line":11},"2":{"name":"(anonymous_2)","decl":{"start":{"line":15,"column":26},"end":{"line":15,"column":27}},"loc":{"start":{"line":15,"column":33},"end":{"line":22,"column":3}},"line":15},"3":{"name":"(anonymous_3)","decl":{"start":{"line":24,"column":12},"end":{"line":24,"column":13}},"loc":{"start":{"line":24,"column":18},"end":{"line":29,"column":3}},"line":24},"4":{"name":"(anonymous_4)","decl":{"start":{"line":26,"column":11},"end":{"line":26,"column":12}},"loc":{"start":{"line":26,"column":17},"end":{"line":28,"column":5}},"line":26}},"branchMap":{},"s":{"0":2,"1":2,"2":2,"3":2,"4":0,"5":2,"6":0,"7":0,"8":0,"9":0,"10":0,"11":2,"12":2,"13":2,"14":2,"15":2},"f":{"0":2,"1":0,"2":0,"3":2,"4":2},"b":{},"_coverageSchema":"1a1c01bbd47fc00a2c39e90264f33305004495a9","hash":"3fa54adf568ccd4bfaf49ff6a434e9a8c7e4ccf4"}
,"/Users/qchen/Documents/Course/HackReactor/Course/atelier/client/src/components/Sub_ProductDetail/Sub_ProductInfo/SocialMediaShare.jsx": {"path":"/Users/qchen/Documents/Course/HackReactor/Course/atelier/client/src/components/Sub_ProductDetail/Sub_ProductInfo/SocialMediaShare.jsx","statementMap":{"0":{"start":{"line":8,"column":22},"end":{"line":19,"column":3}},"1":{"start":{"line":9,"column":14},"end":{"line":9,"column":16}},"2":{"start":{"line":10,"column":4},"end":{"line":16,"column":5}},"3":{"start":{"line":11,"column":6},"end":{"line":11,"column":121}},"4":{"start":{"line":12,"column":11},"end":{"line":16,"column":5}},"5":{"start":{"line":13,"column":6},"end":{"line":13,"column":76}},"6":{"start":{"line":14,"column":11},"end":{"line":16,"column":5}},"7":{"start":{"line":15,"column":6},"end":{"line":15,"column":144}},"8":{"start":{"line":17,"column":26},"end":{"line":17,"column":62}},"9":{"start":{"line":18,"column":4},"end":{"line":18,"column":46}},"10":{"start":{"line":21,"column":2},"end":{"line":42,"column":4}},"11":{"start":{"line":27,"column":23},"end":{"line":27,"column":45}},"12":{"start":{"line":33,"column":23},"end":{"line":33,"column":46}},"13":{"start":{"line":39,"column":23},"end":{"line":39,"column":47}}},"fnMap":{"0":{"name":"SocialMediaShare","decl":{"start":{"line":7,"column":9},"end":{"line":7,"column":25}},"loc":{"start":{"line":7,"column":39},"end":{"line":43,"column":1}},"line":7},"1":{"name":"(anonymous_1)","decl":{"start":{"line":8,"column":22},"end":{"line":8,"column":23}},"loc":{"start":{"line":8,"column":39},"end":{"line":19,"column":3}},"line":8},"2":{"name":"(anonymous_2)","decl":{"start":{"line":27,"column":17},"end":{"line":27,"column":18}},"loc":{"start":{"line":27,"column":23},"end":{"line":27,"column":45}},"line":27},"3":{"name":"(anonymous_3)","decl":{"start":{"line":33,"column":17},"end":{"line":33,"column":18}},"loc":{"start":{"line":33,"column":23},"end":{"line":33,"column":46}},"line":33},"4":{"name":"(anonymous_4)","decl":{"start":{"line":39,"column":17},"end":{"line":39,"column":18}},"loc":{"start":{"line":39,"column":23},"end":{"line":39,"column":47}},"line":39}},"branchMap":{"0":{"loc":{"start":{"line":10,"column":4},"end":{"line":16,"column":5}},"type":"if","locations":[{"start":{"line":10,"column":4},"end":{"line":16,"column":5}},{"start":{"line":12,"column":11},"end":{"line":16,"column":5}}],"line":10},"1":{"loc":{"start":{"line":12,"column":11},"end":{"line":16,"column":5}},"type":"if","locations":[{"start":{"line":12,"column":11},"end":{"line":16,"column":5}},{"start":{"line":14,"column":11},"end":{"line":16,"column":5}}],"line":12},"2":{"loc":{"start":{"line":14,"column":11},"end":{"line":16,"column":5}},"type":"if","locations":[{"start":{"line":14,"column":11},"end":{"line":16,"column":5}},{"start":{},"end":{}}],"line":14}},"s":{"0":9,"1":3,"2":3,"3":1,"4":2,"5":1,"6":1,"7":1,"8":3,"9":3,"10":9,"11":1,"12":1,"13":1},"f":{"0":9,"1":3,"2":1,"3":1,"4":1},"b":{"0":[1,2],"1":[1,1],"2":[1,0]},"_coverageSchema":"1a1c01bbd47fc00a2c39e90264f33305004495a9","hash":"13cb03a6b047b1dae10928dd9b2485a78acf2f50"}
,"/Users/qchen/Documents/Course/HackReactor/Course/atelier/client/src/components/Sub_ProductDetail/Sub_StyleSelector/StyleEntry.jsx": {"path":"/Users/qchen/Documents/Course/HackReactor/Course/atelier/client/src/components/Sub_ProductDetail/Sub_StyleSelector/StyleEntry.jsx","statementMap":{"0":{"start":{"line":6,"column":28},"end":{"line":6,"column":43}},"1":{"start":{"line":7,"column":2},"end":{"line":22,"column":4}},"2":{"start":{"line":16,"column":23},"end":{"line":16,"column":46}},"3":{"start":{"line":16,"column":47},"end":{"line":16,"column":68}}},"fnMap":{"0":{"name":"StyleEntry","decl":{"start":{"line":4,"column":9},"end":{"line":4,"column":19}},"loc":{"start":{"line":4,"column":91},"end":{"line":23,"column":1}},"line":4},"1":{"name":"(anonymous_1)","decl":{"start":{"line":16,"column":15},"end":{"line":16,"column":16}},"loc":{"start":{"line":16,"column":21},"end":{"line":16,"column":70}},"line":16}},"branchMap":{"0":{"loc":{"start":{"line":12,"column":32},"end":{"line":14,"column":43}},"type":"cond-expr","locations":[{"start":{"line":13,"column":12},"end":{"line":13,"column":66}},{"start":{"line":14,"column":12},"end":{"line":14,"column":43}}],"line":12},"1":{"loc":{"start":{"line":18,"column":7},"end":{"line":20,"column":14}},"type":"cond-expr","locations":[{"start":{"line":19,"column":10},"end":{"line":19,"column":53}},{"start":{"line":20,"column":10},"end":{"line":20,"column":14}}],"line":18},"2":{"loc":{"start":{"line":18,"column":7},"end":{"line":18,"column":62}},"type":"binary-expr","locations":[{"start":{"line":18,"column":7},"end":{"line":18,"column":18}},{"start":{"line":18,"column":22},"end":{"line":18,"column":62}}],"line":18}},"s":{"0":6,"1":6,"2":1,"3":1},"f":{"0":6,"1":1},"b":{"0":[6,0],"1":[0,6],"2":[6,0]},"_coverageSchema":"1a1c01bbd47fc00a2c39e90264f33305004495a9","hash":"6045a3def988b46554c82de6a986f30040547bf0"}
,"/Users/qchen/Documents/Course/HackReactor/Course/atelier/client/src/components/Sub_ProductDetail/Sub_StyleSelector/StyleList.jsx": {"path":"/Users/qchen/Documents/Course/HackReactor/Course/atelier/client/src/components/Sub_ProductDetail/Sub_StyleSelector/StyleList.jsx","statementMap":{"0":{"start":{"line":5,"column":2},"end":{"line":18,"column":4}},"1":{"start":{"line":8,"column":8},"end":{"line":15,"column":10}}},"fnMap":{"0":{"name":"StyleList","decl":{"start":{"line":4,"column":9},"end":{"line":4,"column":18}},"loc":{"start":{"line":4,"column":97},"end":{"line":19,"column":1}},"line":4},"1":{"name":"(anonymous_1)","decl":{"start":{"line":7,"column":32},"end":{"line":7,"column":33}},"loc":{"start":{"line":8,"column":8},"end":{"line":15,"column":10}},"line":8}},"branchMap":{},"s":{"0":3,"1":6},"f":{"0":3,"1":6},"b":{},"_coverageSchema":"1a1c01bbd47fc00a2c39e90264f33305004495a9","hash":"c40e584f9589a7845940dca2a658673f548a570c"}
,"/Users/qchen/Documents/Course/HackReactor/Course/atelier/client/src/components/Sub_RatingsReviews/Star.jsx": {"path":"/Users/qchen/Documents/Course/HackReactor/Course/atelier/client/src/components/Sub_RatingsReviews/Star.jsx","statementMap":{"0":{"start":{"line":9,"column":2},"end":{"line":40,"column":4}},"1":{"start":{"line":11,"column":21},"end":{"line":11,"column":31}}},"fnMap":{"0":{"name":"Star","decl":{"start":{"line":3,"column":24},"end":{"line":3,"column":28}},"loc":{"start":{"line":5,"column":3},"end":{"line":41,"column":1}},"line":5},"1":{"name":"(anonymous_1)","decl":{"start":{"line":11,"column":15},"end":{"line":11,"column":16}},"loc":{"start":{"line":11,"column":21},"end":{"line":11,"column":31}},"line":11}},"branchMap":{},"s":{"0":20,"1":0},"f":{"0":20,"1":0},"b":{},"_coverageSchema":"1a1c01bbd47fc00a2c39e90264f33305004495a9","hash":"5118d0911c6042b9b10e3fd182d7223bc8186b96"}
,"/Users/qchen/Documents/Course/HackReactor/Course/atelier/client/src/components/Sub_RatingsReviews/generateStars.js": {"path":"/Users/qchen/Documents/Course/HackReactor/Course/atelier/client/src/components/Sub_RatingsReviews/generateStars.js","statementMap":{"0":{"start":{"line":6,"column":17},"end":{"line":6,"column":19}},"1":{"start":{"line":7,"column":18},"end":{"line":7,"column":24}},"2":{"start":{"line":8,"column":16},"end":{"line":8,"column":17}},"3":{"start":{"line":9,"column":2},"end":{"line":18,"column":3}},"4":{"start":{"line":10,"column":4},"end":{"line":16,"column":5}},"5":{"start":{"line":11,"column":6},"end":{"line":11,"column":21}},"6":{"start":{"line":12,"column":6},"end":{"line":12,"column":21}},"7":{"start":{"line":13,"column":11},"end":{"line":16,"column":5}},"8":{"start":{"line":14,"column":6},"end":{"line":14,"column":29}},"9":{"start":{"line":15,"column":6},"end":{"line":15,"column":20}},"10":{"start":{"line":17,"column":4},"end":{"line":17,"column":17}},"11":{"start":{"line":20,"column":2},"end":{"line":30,"column":7}},"12":{"start":{"line":22,"column":6},"end":{"line":29,"column":8}}},"fnMap":{"0":{"name":"generateStars","decl":{"start":{"line":5,"column":24},"end":{"line":5,"column":37}},"loc":{"start":{"line":5,"column":111},"end":{"line":31,"column":1}},"line":5},"1":{"name":"(anonymous_1)","decl":{"start":{"line":5,"column":101},"end":{"line":5,"column":102}},"loc":{"start":{"line":5,"column":107},"end":{"line":5,"column":109}},"line":5},"2":{"name":"(anonymous_2)","decl":{"start":{"line":21,"column":9},"end":{"line":21,"column":10}},"loc":{"start":{"line":22,"column":6},"end":{"line":29,"column":8}},"line":22}},"branchMap":{"0":{"loc":{"start":{"line":5,"column":46},"end":{"line":5,"column":58}},"type":"default-arg","locations":[{"start":{"line":5,"column":57},"end":{"line":5,"column":58}}],"line":5},"1":{"loc":{"start":{"line":5,"column":60},"end":{"line":5,"column":69}},"type":"default-arg","locations":[{"start":{"line":5,"column":67},"end":{"line":5,"column":69}}],"line":5},"2":{"loc":{"start":{"line":5,"column":71},"end":{"line":5,"column":88}},"type":"default-arg","locations":[{"start":{"line":5,"column":79},"end":{"line":5,"column":88}}],"line":5},"3":{"loc":{"start":{"line":5,"column":90},"end":{"line":5,"column":109}},"type":"default-arg","locations":[{"start":{"line":5,"column":101},"end":{"line":5,"column":109}}],"line":5},"4":{"loc":{"start":{"line":10,"column":4},"end":{"line":16,"column":5}},"type":"if","locations":[{"start":{"line":10,"column":4},"end":{"line":16,"column":5}},{"start":{"line":13,"column":11},"end":{"line":16,"column":5}}],"line":10},"5":{"loc":{"start":{"line":13,"column":11},"end":{"line":16,"column":5}},"type":"if","locations":[{"start":{"line":13,"column":11},"end":{"line":16,"column":5}},{"start":{},"end":{}}],"line":13}},"s":{"0":4,"1":4,"2":4,"3":4,"4":20,"5":12,"6":12,"7":8,"8":8,"9":8,"10":20,"11":4,"12":20},"f":{"0":4,"1":0,"2":20},"b":{"0":[0],"1":[0],"2":[4],"3":[4],"4":[12,8],"5":[8,0]},"_coverageSchema":"1a1c01bbd47fc00a2c39e90264f33305004495a9","hash":"6d0318c33318cdea02c3c1f49b390e18effcc762"}
}
