TN:
SF:client/src/components/Sub_ProductDetail/ImageGallery.jsx
FN:4,ImageGallery
FN:15,(anonymous_1)
FN:20,(anonymous_2)
FN:24,(anonymous_3)
FN:32,(anonymous_4)
FNF:5
FNH:5
FNDA:2,ImageGallery
FNDA:1,(anonymous_1)
FNDA:1,(anonymous_2)
FNDA:1,(anonymous_3)
FNDA:1,(anonymous_4)
DA:6,2
DA:7,2
DA:11,2
DA:13,2
DA:15,2
DA:16,1
DA:17,1
DA:20,2
DA:21,1
DA:24,2
DA:25,1
DA:26,0
DA:28,1
DA:32,2
DA:33,1
DA:34,1
DA:37,2
LF:17
LH:16
BRDA:25,0,0,0
BRDA:25,0,1,1
BRDA:33,1,0,0
BRDA:33,1,1,1
BRDA:40,2,0,2
BRDA:40,2,1,0
BRDA:52,3,0,2
BRDA:52,3,1,0
BRF:8
BRH:4
end_of_record
TN:
SF:client/src/components/Sub_ProductDetail/ProductInfo.jsx
FN:5,ProductInfo
FN:8,(anonymous_1)
FN:10,(anonymous_2)
FN:13,(anonymous_3)
FNF:4
FNH:1
FNDA:4,ProductInfo
FNDA:0,(anonymous_1)
FNDA:0,(anonymous_2)
FNDA:0,(anonymous_3)
DA:6,4
DA:7,0
DA:8,0
DA:9,0
DA:10,0
DA:11,0
DA:13,0
DA:14,0
DA:17,0
LF:9
LH:1
BRDA:21,0,0,0
BRDA:21,0,1,0
BRF:2
BRH:0
end_of_record
TN:
SF:client/src/components/Sub_ProductDetail/Sub_ImageGallery/ImageSlide.jsx
FN:6,ImageSlide
FN:12,(anonymous_1)
FN:26,(anonymous_2)
FN:31,(anonymous_3)
FN:46,(anonymous_4)
FNF:5
FNH:3
FNDA:2,ImageSlide
FNDA:1,(anonymous_1)
FNDA:0,(anonymous_2)
FNDA:22,(anonymous_3)
FNDA:0,(anonymous_4)
DA:9,2
DA:10,2
DA:12,2
DA:13,1
DA:14,0
DA:15,1
DA:16,0
DA:20,2
DA:26,0
DA:31,22
DA:46,0
LF:11
LH:7
BRDA:10,0,0,2
BRDA:10,0,1,0
BRDA:13,1,0,0
BRDA:13,1,1,1
BRDA:15,2,0,0
BRDA:15,2,1,1
BRDA:25,3,0,0
BRDA:25,3,1,2
BRDA:31,4,0,8
BRDA:31,4,1,14
BRDA:31,5,0,22
BRDA:31,5,1,22
BRDA:45,6,0,2
BRDA:45,6,1,0
BRF:14
BRH:9
end_of_record
TN:
SF:client/src/components/Sub_ProductDetail/Sub_ImageGallery/ImageThumbnail.jsx
FN:4,ImageThumbnail
FN:10,(anonymous_1)
FN:11,(anonymous_2)
FNF:3
FNH:1
FNDA:8,ImageThumbnail
FNDA:0,(anonymous_1)
FNDA:0,(anonymous_2)
DA:5,8
DA:6,8
DA:7,8
DA:10,0
DA:11,0
LF:5
LH:3
BRDA:15,0,0,2
BRDA:15,0,1,6
BRDA:16,1,0,8
BRDA:16,1,1,0
BRF:4
BRH:3
end_of_record
TN:
SF:client/src/components/Sub_ProductDetail/Sub_ImageGallery/MainImage.jsx
FN:7,MainImage
FN:12,(anonymous_1)
FN:25,(anonymous_2)
FN:49,(anonymous_3)
FNF:4
FNH:1
FNDA:2,MainImage
FNDA:0,(anonymous_1)
FNDA:0,(anonymous_2)
FNDA:0,(anonymous_3)
DA:10,2
DA:11,2
DA:12,2
DA:13,0
DA:14,0
DA:15,0
DA:16,0
DA:19,2
DA:25,0
DA:49,0
LF:10
LH:4
BRDA:13,0,0,0
BRDA:13,0,1,0
BRDA:15,1,0,0
BRDA:15,1,1,0
BRDA:21,2,0,2
BRDA:21,2,1,2
BRDA:24,3,0,0
BRDA:24,3,1,2
BRDA:29,4,0,2
BRDA:29,4,1,2
BRDA:32,5,0,2
BRDA:32,5,1,0
BRDA:37,6,0,2
BRDA:37,6,1,0
BRDA:39,7,0,0
BRDA:39,7,1,0
BRDA:45,8,0,2
BRDA:45,8,1,2
BRDA:48,9,0,2
BRDA:48,9,1,0
BRF:20
BRH:10
end_of_record
TN:
SF:client/src/components/Sub_ProductDetail/Sub_ImageGallery/ModalView.jsx
FN:6,ModalView
FN:9,(anonymous_1)
FNF:2
FNH:1
FNDA:2,ModalView
FNDA:0,(anonymous_1)
DA:9,2
DA:10,0
DA:11,0
DA:12,0
DA:13,0
DA:16,2
LF:6
LH:2
BRDA:10,0,0,0
BRDA:10,0,1,0
BRDA:12,1,0,0
BRDA:12,1,1,0
BRDA:18,2,0,2
BRDA:18,2,1,2
BRDA:34,3,0,2
BRDA:34,3,1,0
BRF:8
BRH:3
end_of_record
TN:
SF:client/src/components/Sub_ProductDetail/Sub_ImageGallery/ZoomImage.jsx
FN:6,ZoomImage
FN:11,(anonymous_1)
FN:15,(anonymous_2)
FN:24,(anonymous_3)
FN:26,(anonymous_4)
FNF:5
FNH:0
FNDA:0,ZoomImage
FNDA:0,(anonymous_1)
FNDA:0,(anonymous_2)
FNDA:0,(anonymous_3)
FNDA:0,(anonymous_4)
DA:7,0
DA:8,0
DA:9,0
DA:11,0
DA:12,0
DA:15,0
DA:16,0
DA:18,0
DA:19,0
DA:20,0
DA:21,0
DA:24,0
DA:25,0
DA:26,0
DA:27,0
DA:31,0
LF:16
LH:0
BRF:0
BRH:0
end_of_record
TN:
SF:client/src/components/Sub_RatingsReviews/Star.jsx
FN:3,Star
FN:11,(anonymous_1)
FNF:2
FNH:0
FNDA:0,Star
FNDA:0,(anonymous_1)
DA:9,0
DA:11,0
LF:2
LH:0
BRF:0
BRH:0
end_of_record
TN:
SF:client/src/components/Sub_RatingsReviews/generateStars.js
FN:5,generateStars
FN:5,(anonymous_1)
FN:21,(anonymous_2)
FNF:3
FNH:0
FNDA:0,generateStars
FNDA:0,(anonymous_1)
FNDA:0,(anonymous_2)
DA:6,0
DA:7,0
DA:8,0
DA:9,0
DA:10,0
DA:11,0
DA:12,0
DA:13,0
DA:14,0
DA:15,0
DA:17,0
DA:20,0
DA:22,0
LF:13
LH:0
BRDA:5,0,0,0
BRDA:5,1,0,0
BRDA:5,2,0,0
BRDA:5,3,0,0
BRDA:10,4,0,0
BRDA:10,4,1,0
BRDA:13,5,0,0
BRDA:13,5,1,0
BRF:8
BRH:0
end_of_record
