TN:
SF:client/src/components/Sub_ProductDetail/StyleSelector.jsx
FN:4,StyleSelector
FNF:1
FNH:1
FNDA:1,StyleSelector
DA:7,1
DA:8,1
LF:2
LH:2
BRDA:11,0,0,0
BRDA:11,0,1,1
BRDA:26,1,0,0
BRDA:26,1,1,1
BRF:4
BRH:2
end_of_record
TN:
SF:client/src/components/Sub_ProductDetail/Sub_StyleSelector/StyleEntry.jsx
FN:4,StyleEntry
FN:15,(anonymous_1)
FNF:2
FNH:1
FNDA:2,StyleEntry
FNDA:0,(anonymous_1)
DA:6,2
DA:7,2
DA:15,0
LF:3
LH:2
BRDA:11,0,0,2
BRDA:11,0,1,0
BRDA:17,1,0,0
BRDA:17,1,1,2
BRDA:17,2,0,2
BRDA:17,2,1,0
BRF:6
BRH:3
end_of_record
TN:
SF:client/src/components/Sub_ProductDetail/Sub_StyleSelector/StyleList.jsx
FN:4,StyleList
FN:7,(anonymous_1)
FNF:2
FNH:2
FNDA:1,StyleList
FNDA:2,(anonymous_1)
DA:5,1
DA:8,2
LF:2
LH:2
BRF:0
BRH:0
end_of_record
